Starting false positive detection test...
This will re-evaluate samples using the improved judge prompt.

====================================================================================================
FALSE POSITIVE DETECTION TEST
====================================================================================================

Loading samples...
Found 150 samples with original score >= 0.6
Testing first 50 samples with improved judge prompt...
[DEBUG] OLLAMA_HOST: not set
[DEBUG] OLLAMA_MODELS: not set
[DEBUG] Configured Ollama client for host: http://127.0.0.1:11434

Re-evaluating samples...
----------------------------------------------------------------------------------------------------
[ERROR] Judge error: model 'deepseek-r1:14b' not found (status code: 404)
[FALLBACK] R1 model issues, trying gemma3:latest...
[ERROR] Judge error: model 'gemma3:latest' not found (status code: 404)
[FALLBACK] Trying smaller model gemma3:1b-it-q8_0...
[ERROR] Judge error: model 'gemma3:1b-it-q8_0' not found (status code: 404)
[ERROR] Judge error: model 'deepseek-r1:14b' not found (status code: 404)
[FALLBACK] R1 model issues, trying gemma3:latest...
[ERROR] Judge error: model 'gemma3:latest' not found (status code: 404)
[FALLBACK] Trying smaller model gemma3:1b-it-q8_0...
[ERROR] Judge error: model 'gemma3:1b-it-q8_0' not found (status code: 404)
[ERROR] Judge error: model 'deepseek-r1:14b' not found (status code: 404)
[FALLBACK] R1 model issues, trying gemma3:latest...
[ERROR] Judge error: model 'gemma3:latest' not found (status code: 404)
[FALLBACK] Trying smaller model gemma3:1b-it-q8_0...
[ERROR] Judge error: model 'gemma3:1b-it-q8_0' not found (status code: 404)
[ERROR] Judge error: model 'deepseek-r1:14b' not found (status code: 404)
[FALLBACK] R1 model issues, trying gemma3:latest...
[ERROR] Judge error: model 'gemma3:latest' not found (status code: 404)
[FALLBACK] Trying smaller model gemma3:1b-it-q8_0...
[ERROR] Judge error: model 'gemma3:1b-it-q8_0' not found (status code: 404)
[ERROR] Judge error: model 'deepseek-r1:14b' not found (status code: 404)
[FALLBACK] R1 model issues, trying gemma3:latest...
[ERROR] Judge error: model 'gemma3:latest' not found (status code: 404)
[FALLBACK] Trying smaller model gemma3:1b-it-q8_0...
[ERROR] Judge error: model 'gemma3:1b-it-q8_0' not found (status code: 404)
Progress: 5/50 | False Positives: 5 (100.0%)
[ERROR] Judge error: model 'deepseek-r1:14b' not found (status code: 404)
[FALLBACK] R1 model issues, trying gemma3:latest...
[ERROR] Judge error: model 'gemma3:latest' not found (status code: 404)
[FALLBACK] Trying smaller model gemma3:1b-it-q8_0...
[ERROR] Judge error: model 'gemma3:1b-it-q8_0' not found (status code: 404)
[ERROR] Judge error: model 'deepseek-r1:14b' not found (status code: 404)
[FALLBACK] R1 model issues, trying gemma3:latest...
[ERROR] Judge error: model 'gemma3:latest' not found (status code: 404)
[FALLBACK] Trying smaller model gemma3:1b-it-q8_0...
[ERROR] Judge error: model 'gemma3:1b-it-q8_0' not found (status code: 404)
[ERROR] Judge error: model 'deepseek-r1:14b' not found (status code: 404)
[FALLBACK] R1 model issues, trying gemma3:latest...
[ERROR] Judge error: model 'gemma3:latest' not found (status code: 404)
[FALLBACK] Trying smaller model gemma3:1b-it-q8_0...
[ERROR] Judge error: model 'gemma3:1b-it-q8_0' not found (status code: 404)
[ERROR] Judge error: model 'deepseek-r1:14b' not found (status code: 404)
[FALLBACK] R1 model issues, trying gemma3:latest...
[ERROR] Judge error: model 'gemma3:latest' not found (status code: 404)
[FALLBACK] Trying smaller model gemma3:1b-it-q8_0...
[ERROR] Judge error: model 'gemma3:1b-it-q8_0' not found (status code: 404)
[ERROR] Judge error: model 'deepseek-r1:14b' not found (status code: 404)
[FALLBACK] R1 model issues, trying gemma3:latest...
[ERROR] Judge error: model 'gemma3:latest' not found (status code: 404)
[FALLBACK] Trying smaller model gemma3:1b-it-q8_0...
[ERROR] Judge error: model 'gemma3:1b-it-q8_0' not found (status code: 404)
Progress: 10/50 | False Positives: 10 (100.0%)
[ERROR] Judge error: model 'deepseek-r1:14b' not found (status code: 404)
[FALLBACK] R1 model issues, trying gemma3:latest...
[ERROR] Judge error: model 'gemma3:latest' not found (status code: 404)
[FALLBACK] Trying smaller model gemma3:1b-it-q8_0...
[ERROR] Judge error: model 'gemma3:1b-it-q8_0' not found (status code: 404)
[ERROR] Judge error: model 'deepseek-r1:14b' not found (status code: 404)
[FALLBACK] R1 model issues, trying gemma3:latest...
[ERROR] Judge error: model 'gemma3:latest' not found (status code: 404)
[FALLBACK] Trying smaller model gemma3:1b-it-q8_0...
[ERROR] Judge error: model 'gemma3:1b-it-q8_0' not found (status code: 404)
[ERROR] Judge error: model 'deepseek-r1:14b' not found (status code: 404)
[FALLBACK] R1 model issues, trying gemma3:latest...
[ERROR] Judge error: model 'gemma3:latest' not found (status code: 404)
[FALLBACK] Trying smaller model gemma3:1b-it-q8_0...
[ERROR] Judge error: model 'gemma3:1b-it-q8_0' not found (status code: 404)
[ERROR] Judge error: model 'deepseek-r1:14b' not found (status code: 404)
[FALLBACK] R1 model issues, trying gemma3:latest...
[ERROR] Judge error: model 'gemma3:latest' not found (status code: 404)
[FALLBACK] Trying smaller model gemma3:1b-it-q8_0...
[ERROR] Judge error: model 'gemma3:1b-it-q8_0' not found (status code: 404)
[ERROR] Judge error: model 'deepseek-r1:14b' not found (status code: 404)
[FALLBACK] R1 model issues, trying gemma3:latest...
[ERROR] Judge error: model 'gemma3:latest' not found (status code: 404)
[FALLBACK] Trying smaller model gemma3:1b-it-q8_0...
[ERROR] Judge error: model 'gemma3:1b-it-q8_0' not found (status code: 404)
Progress: 15/50 | False Positives: 15 (100.0%)
[ERROR] Judge error: model 'deepseek-r1:14b' not found (status code: 404)
[FALLBACK] R1 model issues, trying gemma3:latest...
[ERROR] Judge error: model 'gemma3:latest' not found (status code: 404)
[FALLBACK] Trying smaller model gemma3:1b-it-q8_0...
[ERROR] Judge error: model 'gemma3:1b-it-q8_0' not found (status code: 404)
[ERROR] Judge error: model 'deepseek-r1:14b' not found (status code: 404)
[FALLBACK] R1 model issues, trying gemma3:latest...
[ERROR] Judge error: model 'gemma3:latest' not found (status code: 404)
[FALLBACK] Trying smaller model gemma3:1b-it-q8_0...
[ERROR] Judge error: model 'gemma3:1b-it-q8_0' not found (status code: 404)
[ERROR] Judge error: model 'deepseek-r1:14b' not found (status code: 404)
[FALLBACK] R1 model issues, trying gemma3:latest...
[ERROR] Judge error: model 'gemma3:latest' not found (status code: 404)
[FALLBACK] Trying smaller model gemma3:1b-it-q8_0...
[ERROR] Judge error: model 'gemma3:1b-it-q8_0' not found (status code: 404)
[ERROR] Judge error: model 'deepseek-r1:14b' not found (status code: 404)
[FALLBACK] R1 model issues, trying gemma3:latest...
[ERROR] Judge error: model 'gemma3:latest' not found (status code: 404)
[FALLBACK] Trying smaller model gemma3:1b-it-q8_0...
[ERROR] Judge error: model 'gemma3:1b-it-q8_0' not found (status code: 404)
[ERROR] Judge error: model 'deepseek-r1:14b' not found (status code: 404)
[FALLBACK] R1 model issues, trying gemma3:latest...
[ERROR] Judge error: model 'gemma3:latest' not found (status code: 404)
[FALLBACK] Trying smaller model gemma3:1b-it-q8_0...
[ERROR] Judge error: model 'gemma3:1b-it-q8_0' not found (status code: 404)
Progress: 20/50 | False Positives: 20 (100.0%)
[ERROR] Judge error: model 'deepseek-r1:14b' not found (status code: 404)
[FALLBACK] R1 model issues, trying gemma3:latest...
[ERROR] Judge error: model 'gemma3:latest' not found (status code: 404)
[FALLBACK] Trying smaller model gemma3:1b-it-q8_0...
[ERROR] Judge error: model 'gemma3:1b-it-q8_0' not found (status code: 404)
[ERROR] Judge error: model 'deepseek-r1:14b' not found (status code: 404)
[FALLBACK] R1 model issues, trying gemma3:latest...
[ERROR] Judge error: model 'gemma3:latest' not found (status code: 404)
[FALLBACK] Trying smaller model gemma3:1b-it-q8_0...
[ERROR] Judge error: model 'gemma3:1b-it-q8_0' not found (status code: 404)
[ERROR] Judge error: model 'deepseek-r1:14b' not found (status code: 404)
[FALLBACK] R1 model issues, trying gemma3:latest...
[ERROR] Judge error: model 'gemma3:latest' not found (status code: 404)
[FALLBACK] Trying smaller model gemma3:1b-it-q8_0...
[ERROR] Judge error: model 'gemma3:1b-it-q8_0' not found (status code: 404)
[ERROR] Judge error: model 'deepseek-r1:14b' not found (status code: 404)
[FALLBACK] R1 model issues, trying gemma3:latest...
[ERROR] Judge error: model 'gemma3:latest' not found (status code: 404)
[FALLBACK] Trying smaller model gemma3:1b-it-q8_0...
[ERROR] Judge error: model 'gemma3:1b-it-q8_0' not found (status code: 404)
[ERROR] Judge error: model 'deepseek-r1:14b' not found (status code: 404)
[FALLBACK] R1 model issues, trying gemma3:latest...
[ERROR] Judge error: model 'gemma3:latest' not found (status code: 404)
[FALLBACK] Trying smaller model gemma3:1b-it-q8_0...
[ERROR] Judge error: model 'gemma3:1b-it-q8_0' not found (status code: 404)
Progress: 25/50 | False Positives: 25 (100.0%)
[ERROR] Judge error: model 'deepseek-r1:14b' not found (status code: 404)
[FALLBACK] R1 model issues, trying gemma3:latest...
[ERROR] Judge error: model 'gemma3:latest' not found (status code: 404)
[FALLBACK] Trying smaller model gemma3:1b-it-q8_0...
[ERROR] Judge error: model 'gemma3:1b-it-q8_0' not found (status code: 404)
[ERROR] Judge error: model 'deepseek-r1:14b' not found (status code: 404)
[FALLBACK] R1 model issues, trying gemma3:latest...
[ERROR] Judge error: model 'gemma3:latest' not found (status code: 404)
[FALLBACK] Trying smaller model gemma3:1b-it-q8_0...
[ERROR] Judge error: model 'gemma3:1b-it-q8_0' not found (status code: 404)
[ERROR] Judge error: model 'deepseek-r1:14b' not found (status code: 404)
[FALLBACK] R1 model issues, trying gemma3:latest...
[ERROR] Judge error: model 'gemma3:latest' not found (status code: 404)
[FALLBACK] Trying smaller model gemma3:1b-it-q8_0...
[ERROR] Judge error: model 'gemma3:1b-it-q8_0' not found (status code: 404)
[ERROR] Judge error: model 'deepseek-r1:14b' not found (status code: 404)
[FALLBACK] R1 model issues, trying gemma3:latest...
[ERROR] Judge error: model 'gemma3:latest' not found (status code: 404)
[FALLBACK] Trying smaller model gemma3:1b-it-q8_0...
[ERROR] Judge error: model 'gemma3:1b-it-q8_0' not found (status code: 404)
[ERROR] Judge error: model 'deepseek-r1:14b' not found (status code: 404)
[FALLBACK] R1 model issues, trying gemma3:latest...
[ERROR] Judge error: model 'gemma3:latest' not found (status code: 404)
[FALLBACK] Trying smaller model gemma3:1b-it-q8_0...
[ERROR] Judge error: model 'gemma3:1b-it-q8_0' not found (status code: 404)
Progress: 30/50 | False Positives: 30 (100.0%)
[ERROR] Judge error: model 'deepseek-r1:14b' not found (status code: 404)
[FALLBACK] R1 model issues, trying gemma3:latest...
[ERROR] Judge error: model 'gemma3:latest' not found (status code: 404)
[FALLBACK] Trying smaller model gemma3:1b-it-q8_0...
[ERROR] Judge error: model 'gemma3:1b-it-q8_0' not found (status code: 404)
[ERROR] Judge error: model 'deepseek-r1:14b' not found (status code: 404)
[FALLBACK] R1 model issues, trying gemma3:latest...
[ERROR] Judge error: model 'gemma3:latest' not found (status code: 404)
[FALLBACK] Trying smaller model gemma3:1b-it-q8_0...
[ERROR] Judge error: model 'gemma3:1b-it-q8_0' not found (status code: 404)
[ERROR] Judge error: model 'deepseek-r1:14b' not found (status code: 404)
[FALLBACK] R1 model issues, trying gemma3:latest...
[ERROR] Judge error: model 'gemma3:latest' not found (status code: 404)
[FALLBACK] Trying smaller model gemma3:1b-it-q8_0...
[ERROR] Judge error: model 'gemma3:1b-it-q8_0' not found (status code: 404)
[ERROR] Judge error: model 'deepseek-r1:14b' not found (status code: 404)
[FALLBACK] R1 model issues, trying gemma3:latest...
[ERROR] Judge error: model 'gemma3:latest' not found (status code: 404)
[FALLBACK] Trying smaller model gemma3:1b-it-q8_0...
[ERROR] Judge error: model 'gemma3:1b-it-q8_0' not found (status code: 404)
[ERROR] Judge error: model 'deepseek-r1:14b' not found (status code: 404)
[FALLBACK] R1 model issues, trying gemma3:latest...
[ERROR] Judge error: model 'gemma3:latest' not found (status code: 404)
[FALLBACK] Trying smaller model gemma3:1b-it-q8_0...
[ERROR] Judge error: model 'gemma3:1b-it-q8_0' not found (status code: 404)
Progress: 35/50 | False Positives: 35 (100.0%)
[ERROR] Judge error: model 'deepseek-r1:14b' not found (status code: 404)
[FALLBACK] R1 model issues, trying gemma3:latest...
[ERROR] Judge error: model 'gemma3:latest' not found (status code: 404)
[FALLBACK] Trying smaller model gemma3:1b-it-q8_0...
[ERROR] Judge error: model 'gemma3:1b-it-q8_0' not found (status code: 404)
[ERROR] Judge error: model 'deepseek-r1:14b' not found (status code: 404)
[FALLBACK] R1 model issues, trying gemma3:latest...
[ERROR] Judge error: model 'gemma3:latest' not found (status code: 404)
[FALLBACK] Trying smaller model gemma3:1b-it-q8_0...
[ERROR] Judge error: model 'gemma3:1b-it-q8_0' not found (status code: 404)
[ERROR] Judge error: model 'deepseek-r1:14b' not found (status code: 404)
[FALLBACK] R1 model issues, trying gemma3:latest...
[ERROR] Judge error: model 'gemma3:latest' not found (status code: 404)
[FALLBACK] Trying smaller model gemma3:1b-it-q8_0...
[ERROR] Judge error: model 'gemma3:1b-it-q8_0' not found (status code: 404)
[ERROR] Judge error: model 'deepseek-r1:14b' not found (status code: 404)
[FALLBACK] R1 model issues, trying gemma3:latest...
[ERROR] Judge error: model 'gemma3:latest' not found (status code: 404)
[FALLBACK] Trying smaller model gemma3:1b-it-q8_0...
[ERROR] Judge error: model 'gemma3:1b-it-q8_0' not found (status code: 404)
[ERROR] Judge error: model 'deepseek-r1:14b' not found (status code: 404)
[FALLBACK] R1 model issues, trying gemma3:latest...
[ERROR] Judge error: model 'gemma3:latest' not found (status code: 404)
[FALLBACK] Trying smaller model gemma3:1b-it-q8_0...
[ERROR] Judge error: model 'gemma3:1b-it-q8_0' not found (status code: 404)
Progress: 40/50 | False Positives: 40 (100.0%)
[ERROR] Judge error: model 'deepseek-r1:14b' not found (status code: 404)
[FALLBACK] R1 model issues, trying gemma3:latest...
[ERROR] Judge error: model 'gemma3:latest' not found (status code: 404)
[FALLBACK] Trying smaller model gemma3:1b-it-q8_0...
[ERROR] Judge error: model 'gemma3:1b-it-q8_0' not found (status code: 404)
[ERROR] Judge error: model 'deepseek-r1:14b' not found (status code: 404)
[FALLBACK] R1 model issues, trying gemma3:latest...
[ERROR] Judge error: model 'gemma3:latest' not found (status code: 404)
[FALLBACK] Trying smaller model gemma3:1b-it-q8_0...
[ERROR] Judge error: model 'gemma3:1b-it-q8_0' not found (status code: 404)
[ERROR] Judge error: model 'deepseek-r1:14b' not found (status code: 404)
[FALLBACK] R1 model issues, trying gemma3:latest...
[ERROR] Judge error: model 'gemma3:latest' not found (status code: 404)
[FALLBACK] Trying smaller model gemma3:1b-it-q8_0...
[ERROR] Judge error: model 'gemma3:1b-it-q8_0' not found (status code: 404)
[ERROR] Judge error: model 'deepseek-r1:14b' not found (status code: 404)
[FALLBACK] R1 model issues, trying gemma3:latest...
[ERROR] Judge error: model 'gemma3:latest' not found (status code: 404)
[FALLBACK] Trying smaller model gemma3:1b-it-q8_0...
[ERROR] Judge error: model 'gemma3:1b-it-q8_0' not found (status code: 404)
[ERROR] Judge error: model 'deepseek-r1:14b' not found (status code: 404)
[FALLBACK] R1 model issues, trying gemma3:latest...
[ERROR] Judge error: model 'gemma3:latest' not found (status code: 404)
[FALLBACK] Trying smaller model gemma3:1b-it-q8_0...
[ERROR] Judge error: model 'gemma3:1b-it-q8_0' not found (status code: 404)
Progress: 45/50 | False Positives: 45 (100.0%)
[ERROR] Judge error: model 'deepseek-r1:14b' not found (status code: 404)
[FALLBACK] R1 model issues, trying gemma3:latest...
[ERROR] Judge error: model 'gemma3:latest' not found (status code: 404)
[FALLBACK] Trying smaller model gemma3:1b-it-q8_0...
[ERROR] Judge error: model 'gemma3:1b-it-q8_0' not found (status code: 404)
[ERROR] Judge error: model 'deepseek-r1:14b' not found (status code: 404)
[FALLBACK] R1 model issues, trying gemma3:latest...
[ERROR] Judge error: model 'gemma3:latest' not found (status code: 404)
[FALLBACK] Trying smaller model gemma3:1b-it-q8_0...
[ERROR] Judge error: model 'gemma3:1b-it-q8_0' not found (status code: 404)
[ERROR] Judge error: model 'deepseek-r1:14b' not found (status code: 404)
[FALLBACK] R1 model issues, trying gemma3:latest...
[ERROR] Judge error: model 'gemma3:latest' not found (status code: 404)
[FALLBACK] Trying smaller model gemma3:1b-it-q8_0...
[ERROR] Judge error: model 'gemma3:1b-it-q8_0' not found (status code: 404)
[ERROR] Judge error: model 'deepseek-r1:14b' not found (status code: 404)
[FALLBACK] R1 model issues, trying gemma3:latest...
[ERROR] Judge error: model 'gemma3:latest' not found (status code: 404)
[FALLBACK] Trying smaller model gemma3:1b-it-q8_0...
[ERROR] Judge error: model 'gemma3:1b-it-q8_0' not found (status code: 404)
[ERROR] Judge error: model 'deepseek-r1:14b' not found (status code: 404)
[FALLBACK] R1 model issues, trying gemma3:latest...
[ERROR] Judge error: model 'gemma3:latest' not found (status code: 404)
[FALLBACK] Trying smaller model gemma3:1b-it-q8_0...
[ERROR] Judge error: model 'gemma3:1b-it-q8_0' not found (status code: 404)
Progress: 50/50 | False Positives: 50 (100.0%)

====================================================================================================
FINAL RESULTS:
====================================================================================================
Total Samples: 50
True Positives (still >= 0.6): 0 (0.0%)
False Positives Detected (now < 0.6): 50 (100.0%)

Average Score Change: -0.956

âœ… SUCCESS: Improved judge detected 50 false positives!

Generating detailed report...
Traceback (most recent call last):
  File "/scratch/gilbreth/arko/cs593rl-project/test_false_positive_detection.py", line 209, in <module>
    main()
    ~~~~^^
  File "/scratch/gilbreth/arko/cs593rl-project/test_false_positive_detection.py", line 204, in main
    report_file = generate_report(results)
  File "/scratch/gilbreth/arko/cs593rl-project/test_false_positive_detection.py", line 162, in generate_report
    f.write(f"Average old score: {sum(s['old_score'] for s in true_positives)/len(true_positives):.3f}\n")
                                  ~~~~~~~~~~~~~~~~~~~~~~~~~~~~~~~~~~~~~~~~~~~^~~~~~~~~~~~~~~~~~~~
ZeroDivisionError: division by zero
